[debug] [2022-11-29T21:57:58.314Z] ----------------------------------------------------------------------
[debug] [2022-11-29T21:57:58.317Z] Command:       /usr/local/bin/node /usr/local/bin/firebase init
[debug] [2022-11-29T21:57:58.317Z] CLI Version:   11.15.0
[debug] [2022-11-29T21:57:58.317Z] Platform:      darwin
[debug] [2022-11-29T21:57:58.318Z] Node Version:  v16.17.0
[debug] [2022-11-29T21:57:58.326Z] Time:          Tue Nov 29 2022 16:57:58 GMT-0500 (Eastern Standard Time)
[debug] [2022-11-29T21:57:58.327Z] ----------------------------------------------------------------------
[debug] 
[debug] [2022-11-29T21:57:58.331Z] >>> [apiv2][query] GET https://firebase-public.firebaseio.com/cli.json [none]
[debug] [2022-11-29T21:57:58.423Z] > command requires scopes: ["email","openid","https://www.googleapis.com/auth/cloudplatformprojects.readonly","https://www.googleapis.com/auth/firebase","https://www.googleapis.com/auth/cloud-platform"]
[debug] [2022-11-29T21:57:58.423Z] > authorizing via signed-in user (yenf89@gmail.com)
[info] 
     ######## #### ########  ######## ########     ###     ######  ########
     ##        ##  ##     ## ##       ##     ##  ##   ##  ##       ##
     ######    ##  ########  ######   ########  #########  ######  ######
     ##        ##  ##    ##  ##       ##     ## ##     ##       ## ##
     ##       #### ##     ## ######## ########  ##     ##  ######  ########

You're about to initialize a Firebase project in this directory:

  /Users/yenferro/Desktop/Projects/portfolio-3.0

Before we get started, keep in mind:

  * You are initializing within an existing Firebase project directory

[debug] [2022-11-29T21:57:58.746Z] <<< [apiv2][status] GET https://firebase-public.firebaseio.com/cli.json 200
[debug] [2022-11-29T21:57:58.746Z] <<< [apiv2][body] GET https://firebase-public.firebaseio.com/cli.json {"cloudBuildErrorAfter":1594252800000,"cloudBuildWarnAfter":1590019200000,"defaultNode10After":1594252800000,"minVersion":"3.0.5","node8DeploysDisabledAfter":1613390400000,"node8RuntimeDisabledAfter":1615809600000,"node8WarnAfter":1600128000000}
